2026-02-21 19:32:01.836 +02:00 [SYSTEM] [C:Runner] [Ch:SYSTEM] [Src:Runner] [Run:bd8b7d5e85e14048bba1a0d7470b3094] [Sess:1] [Profile:] - [Runner] State -> Running
2026-02-21 19:33:53.818 +02:00 [SYSTEM] [C:Runner] [Ch:SYSTEM] [Src:Runner] [Run:bd8b7d5e85e14048bba1a0d7470b3094] [Sess:1] [Profile:] - [Runner] Cycle started. Profiles=1 | AutoRestart=True
2026-02-21 19:33:53.822 +02:00 [SYSTEM] [C:Runner] [Ch:SYSTEM] [Src:Runner] [Run:bd8b7d5e85e14048bba1a0d7470b3094] [Sess:1] [Profile:b580c54716134f7c8ce5f27a2cc0edf4] - [Runner] Account: Account 1 | InstanceId=0 | AdbSerial=emulator-5554
2026-02-21 19:34:34.073 +02:00 [SYSTEM] [C:Runner] [Ch:SYSTEM] [Src:Runner] [Run:bd8b7d5e85e14048bba1a0d7470b3094] [Sess:1] [Profile:b580c54716134f7c8ce5f27a2cc0edf4] - [Runner] Device + Game are running ✅
2026-02-21 19:34:34.074 +02:00 [SYSTEM] [C:Runner] [Ch:SYSTEM] [Src:Runner] [Run:2ace846c11c94b309d84c06dbf9d6bb1] [Sess:1] [Profile:] - [Runner] Auto-Restart: starting a new cycle. RunId=2ace846c11c94b309d84c06dbf9d6bb1
2026-02-21 19:34:35.767 +02:00 [SYSTEM] [C:Runner] [Ch:SYSTEM] [Src:Runner] [Run:2ace846c11c94b309d84c06dbf9d6bb1] [Sess:1] [Profile:] - [Runner] Cycle started. Profiles=1 | AutoRestart=True
2026-02-21 19:34:35.767 +02:00 [SYSTEM] [C:Runner] [Ch:SYSTEM] [Src:Runner] [Run:2ace846c11c94b309d84c06dbf9d6bb1] [Sess:1] [Profile:b580c54716134f7c8ce5f27a2cc0edf4] - [Runner] Account: Account 1 | InstanceId=0 | AdbSerial=emulator-5554
2026-02-21 19:34:59.532 +02:00 [SYSTEM] [C:Runner] [Ch:SYSTEM] [Src:Runner] [Run:2ace846c11c94b309d84c06dbf9d6bb1] [Sess:1] [Profile:b580c54716134f7c8ce5f27a2cc0edf4] - [Runner] Device + Game are running ✅
2026-02-21 19:34:59.533 +02:00 [SYSTEM] [C:Runner] [Ch:SYSTEM] [Src:Runner] [Run:b073f6d9605c465bae5622931207594a] [Sess:1] [Profile:] - [Runner] Auto-Restart: starting a new cycle. RunId=b073f6d9605c465bae5622931207594a
2026-02-21 19:35:00.346 +02:00 [SYSTEM] [C:Runner] [Ch:SYSTEM] [Src:Runner] [Run:b073f6d9605c465bae5622931207594a] [Sess:1] [Profile:] - [Runner] Cycle started. Profiles=1 | AutoRestart=True
2026-02-21 19:35:00.346 +02:00 [SYSTEM] [C:Runner] [Ch:SYSTEM] [Src:Runner] [Run:b073f6d9605c465bae5622931207594a] [Sess:1] [Profile:b580c54716134f7c8ce5f27a2cc0edf4] - [Runner] Account: Account 1 | InstanceId=0 | AdbSerial=emulator-5554
2026-02-21 19:35:05.998 +02:00 [SYSTEM] [C:Runner] [Ch:SYSTEM] [Src:Runner] [Run:b073f6d9605c465bae5622931207594a] [Sess:1] [Profile:b580c54716134f7c8ce5f27a2cc0edf4] - [Runner] Device + Game are running ✅
2026-02-21 19:35:06.004 +02:00 [SYSTEM] [C:Runner] [Ch:SYSTEM] [Src:Runner] [Run:3bf7e58d2dc147bc854bced53d631846] [Sess:1] [Profile:] - [Runner] Auto-Restart: starting a new cycle. RunId=3bf7e58d2dc147bc854bced53d631846
2026-02-21 19:35:07.293 +02:00 [SYSTEM] [C:Runner] [Ch:SYSTEM] [Src:Runner] [Run:3bf7e58d2dc147bc854bced53d631846] [Sess:1] [Profile:] - [Runner] Cycle started. Profiles=1 | AutoRestart=True
2026-02-21 19:35:07.293 +02:00 [SYSTEM] [C:Runner] [Ch:SYSTEM] [Src:Runner] [Run:3bf7e58d2dc147bc854bced53d631846] [Sess:1] [Profile:b580c54716134f7c8ce5f27a2cc0edf4] - [Runner] Account: Account 1 | InstanceId=0 | AdbSerial=emulator-5554
2026-02-21 19:35:18.572 +02:00 [SYSTEM] [C:Runner] [Ch:SYSTEM] [Src:Runner] [Run:3bf7e58d2dc147bc854bced53d631846] [Sess:1] [Profile:b580c54716134f7c8ce5f27a2cc0edf4] - [Diag] Shell failed: 'pm list packages com.camelgames.superking' => adb failed
2026-02-21 19:35:18.572 +02:00 [SYSTEM] [C:Runner] [Ch:SYSTEM] [Src:Runner] [Run:c84716684f2e459aa1f2bf150ae2879f] [Sess:1] [Profile:] - [Runner] Auto-Restart: starting a new cycle. RunId=c84716684f2e459aa1f2bf150ae2879f
2026-02-21 19:36:09.503 +02:00 [SYSTEM] [C:Runner] [Ch:SYSTEM] [Src:Runner] [Run:c84716684f2e459aa1f2bf150ae2879f] [Sess:1] [Profile:] - [Runner] State -> Stopping
2026-02-21 19:36:09.507 +02:00 [SYSTEM] [C:Runner] [Ch:SYSTEM] [Src:Runner] [Run:c84716684f2e459aa1f2bf150ae2879f] [Sess:1] [Profile:] - [Runner] State -> Idle
2026-02-21 19:36:09.507 +02:00 [SYSTEM] [C:Runner] [Ch:SYSTEM] [Src:Runner] [Run:c84716684f2e459aa1f2bf150ae2879f] [Sess:1] [Profile:] - [Runner] State -> Idle
