2026-02-21 19:28:47.645 +02:00 [SYSTEM] [C:System] [Ch:SYSTEM] [Src:Main] [Run:] [Sess:0] [Profile:] - [App] LogHub primed (UI live logs enabled).
2026-02-21 19:28:50.067 +02:00 [SYSTEM] [C:Api] [Ch:SYSTEM] [Src:Api] [Run:] [Sess:0] [Profile:] - Webserver State changed new state: Loading - old state: Created
2026-02-21 19:28:50.312 +02:00 [SYSTEM] [C:Api] [Ch:SYSTEM] [Src:Api] [Run:] [Sess:0] [Profile:] - Webserver State changed new state: Listening - old state: Loading
2026-02-21 19:28:55.145 +02:00 [INFO] [C:Ui] [Ch:UI] [Src:Main] [Run:] [Sess:0] [Profile:] - [Accounts] Emulator impl = EmulatorLib.LDPlayer.LDPlayerEmulator
2026-02-21 19:28:55.342 +02:00 [SYSTEM] [C:System] [Ch:SYSTEM] [Src:Main] [Run:] [Sess:0] [Profile:] - [LDPlayerCli] dnconsole.exe list2 | ExitCode=0 | stdout_len=102 | stderr_len=0
2026-02-21 19:28:55.344 +02:00 [SYSTEM] [C:System] [Ch:SYSTEM] [Src:Main] [Run:] [Sess:0] [Profile:] - [Emu][LDPlayer] ScanInstances OK. Count=3
2026-02-21 19:28:55.352 +02:00 [INFO] [C:Ui] [Ch:UI] [Src:Main] [Run:] [Sess:0] [Profile:] - [Accounts] OnEnter (Fast Refresh; Warmup scheduled after cards build)
2026-02-21 19:28:56.452 +02:00 [SYSTEM] [C:System] [Ch:SYSTEM] [Src:Main] [Run:] [Sess:0] [Profile:] - Logs page entered.
2026-02-21 19:28:59.745 +02:00 [SYSTEM] [C:System] [Ch:SYSTEM] [Src:Main] [Run:] [Sess:0] [Profile:] - Logs page exited.
2026-02-21 19:28:59.766 +02:00 [INFO] [C:Ui] [Ch:UI] [Src:Main] [Run:] [Sess:0] [Profile:] - [Accounts] Emulator impl = EmulatorLib.LDPlayer.LDPlayerEmulator
2026-02-21 19:28:59.856 +02:00 [SYSTEM] [C:System] [Ch:SYSTEM] [Src:Main] [Run:] [Sess:0] [Profile:] - [LDPlayerCli] dnconsole.exe list2 | ExitCode=0 | stdout_len=102 | stderr_len=0
2026-02-21 19:28:59.856 +02:00 [SYSTEM] [C:System] [Ch:SYSTEM] [Src:Main] [Run:] [Sess:0] [Profile:] - [Emu][LDPlayer] ScanInstances OK. Count=3
2026-02-21 19:28:59.857 +02:00 [INFO] [C:Ui] [Ch:UI] [Src:Main] [Run:] [Sess:0] [Profile:] - [Accounts] OnEnter (Fast Refresh; Warmup scheduled after cards build)
2026-02-21 19:29:00.999 +02:00 [INFO] [C:Ui] [Ch:UI] [Src:Main] [Run:] [Sess:0] [Profile:] - [Accounts] AddAccount CLICKED
2026-02-21 19:29:01.049 +02:00 [SYSTEM] [C:System] [Ch:SYSTEM] [Src:Main] [Run:] [Sess:0] [Profile:] - [LDPlayerCli] dnconsole.exe list2 | ExitCode=0 | stdout_len=102 | stderr_len=0
2026-02-21 19:29:01.049 +02:00 [SYSTEM] [C:System] [Ch:SYSTEM] [Src:Main] [Run:] [Sess:0] [Profile:] - [Emu][LDPlayer] ScanInstances OK. Count=3
2026-02-21 19:29:03.742 +02:00 [SYSTEM] [C:System] [Ch:SYSTEM] [Src:Main] [Run:] [Sess:0] [Profile:] - [LDPlayerCli] dnconsole.exe list2 | ExitCode=0 | stdout_len=102 | stderr_len=0
2026-02-21 19:29:03.742 +02:00 [SYSTEM] [C:System] [Ch:SYSTEM] [Src:Main] [Run:] [Sess:0] [Profile:] - [Emu][LDPlayer] ScanInstances OK. Count=3
2026-02-21 19:29:03.903 +02:00 [SYSTEM] [C:System] [Ch:SYSTEM] [Src:Main] [Run:] [Sess:0] [Profile:] - [LDPlayerCli] dnconsole.exe list2 | ExitCode=0 | stdout_len=102 | stderr_len=0
2026-02-21 19:29:03.904 +02:00 [SYSTEM] [C:System] [Ch:SYSTEM] [Src:Main] [Run:] [Sess:0] [Profile:] - [Emu][LDPlayer] ScanInstances OK. Count=3
2026-02-21 19:29:03.909 +02:00 [INFO] [C:Ui] [Ch:UI] [Src:Main] [Run:] [Sess:0] [Profile:] - [Accounts] SelectedProfile set: ''
2026-02-21 19:29:05.840 +02:00 [INFO] [C:Ui] [Ch:UI] [Src:Main] [Run:] [Sess:0] [Profile:] - [Accounts] Open HealthCheck (Dialog) | ProfileId=b580c54716134f7c8ce5f27a2cc0edf4 | InstanceId=0 | AdbSerial=null
2026-02-21 19:29:05.870 +02:00 [SYSTEM] [C:System] [Ch:SYSTEM] [Src:Main] [Run:] [Sess:0] [Profile:] - [HealthCheck] Run live (ProfileId='b580c54716134f7c8ce5f27a2cc0edf4', Force=True).
2026-02-21 19:29:10.286 +02:00 [SYSTEM] [C:System] [Ch:SYSTEM] [Src:Main] [Run:] [Sess:0] [Profile:] - [HealthCheck] FixAllAutoAsync started (ProfileId='b580c54716134f7c8ce5f27a2cc0edf4').
2026-02-21 19:29:10.348 +02:00 [SYSTEM] [C:System] [Ch:SYSTEM] [Src:Main] [Run:] [Sess:0] [Profile:] - [Health][Bind] Start Fix | ProfileId='b580c54716134f7c8ce5f27a2cc0edf4', InstanceId='0', ExpectedTcp='127.0.0.1:5555', ExpectedLegacy='emulator-5554', BeforeDevices=0, StartTimeoutMs=45000, BindTimeoutSec=45, BootDelaySec=10, TotalBudgetMs=45000
2026-02-21 19:29:10.402 +02:00 [SYSTEM] [C:System] [Ch:SYSTEM] [Src:Main] [Run:] [Sess:0] [Profile:] - [LDPlayerCli] dnconsole.exe list2 | ExitCode=0 | stdout_len=102 | stderr_len=0
2026-02-21 19:29:10.403 +02:00 [SYSTEM] [C:System] [Ch:SYSTEM] [Src:Main] [Run:] [Sess:0] [Profile:] - [Emu][LDPlayer] ScanInstances OK. Count=3
2026-02-21 19:29:10.403 +02:00 [SYSTEM] [C:System] [Ch:SYSTEM] [Src:Main] [Run:] [Sess:0] [Profile:] - [Emu] Refresh completed. Cached instances=3
2026-02-21 19:29:10.404 +02:00 [SYSTEM] [C:System] [Ch:SYSTEM] [Src:Main] [Run:] [Sess:0] [Profile:] - [Emu] Start instance 'Farm_1' (InstanceId=0) wait=True timeout=45000ms
2026-02-21 19:29:10.452 +02:00 [SYSTEM] [C:System] [Ch:SYSTEM] [Src:Main] [Run:] [Sess:0] [Profile:] - [LDPlayerCli] dnconsole.exe quit --index 0 | ExitCode=0 | stdout_len=0 | stderr_len=0
2026-02-21 19:29:10.497 +02:00 [SYSTEM] [C:System] [Ch:SYSTEM] [Src:Main] [Run:] [Sess:0] [Profile:] - [LDPlayerCli] dnconsole.exe modify --index 0 --resolution 400,652,120 | ExitCode=0 | stdout_len=0 | stderr_len=0
2026-02-21 19:29:10.497 +02:00 [SYSTEM] [C:System] [Ch:SYSTEM] [Src:Main] [Run:] [Sess:0] [Profile:] - [Emu][LD] Applied Android resolution pre-start InstanceId=0 Name='Farm_1' w=400 h=652 dpi=120
2026-02-21 19:29:10.498 +02:00 [SYSTEM] [C:System] [Ch:SYSTEM] [Src:Main] [Run:] [Sess:0] [Profile:] - [Emu][LD] Enabling ADB globally (one-time) using InstanceId=0 Name='Farm_1'
2026-02-21 19:29:10.544 +02:00 [SYSTEM] [C:System] [Ch:SYSTEM] [Src:Main] [Run:] [Sess:0] [Profile:] - [LDPlayerCli] dnconsole.exe quit --index 0 | ExitCode=0 | stdout_len=0 | stderr_len=0
2026-02-21 19:29:10.610 +02:00 [SYSTEM] [C:System] [Ch:SYSTEM] [Src:Main] [Run:] [Sess:0] [Profile:] - [LDPlayerCli] dnconsole.exe modify --index 0 --adb on | ExitCode=0 | stdout_len=0 | stderr_len=0
2026-02-21 19:29:10.658 +02:00 [SYSTEM] [C:System] [Ch:SYSTEM] [Src:Main] [Run:] [Sess:0] [Profile:] - [LDPlayerCli] dnconsole.exe quit --index 0 | ExitCode=0 | stdout_len=0 | stderr_len=0
2026-02-21 19:29:10.660 +02:00 [SYSTEM] [C:System] [Ch:SYSTEM] [Src:Main] [Run:] [Sess:0] [Profile:] - [Emu][LD] ADB enabled globally (one-time) and will apply on next start (InstanceId=0)
2026-02-21 19:29:10.741 +02:00 [SYSTEM] [C:System] [Ch:SYSTEM] [Src:Main] [Run:] [Sess:0] [Profile:] - [LDPlayerCli] dnconsole.exe launch --index 0 | ExitCode=0 | stdout_len=0 | stderr_len=0
2026-02-21 19:29:25.331 +02:00 [SYSTEM] [C:System] [Ch:SYSTEM] [Src:Main] [Run:] [Sess:0] [Profile:] - Logs page entered.
2026-02-21 19:30:22.707 +02:00 [SYSTEM] [C:System] [Ch:SYSTEM] [Src:Main] [Run:] [Sess:0] [Profile:] - Logs page exited.
2026-02-21 19:30:22.724 +02:00 [INFO] [C:Ui] [Ch:UI] [Src:Main] [Run:] [Sess:0] [Profile:] - [Accounts] Emulator impl = EmulatorLib.LDPlayer.LDPlayerEmulator
2026-02-21 19:30:23.354 +02:00 [INFO] [C:Ui] [Ch:UI] [Src:Main] [Run:] [Sess:0] [Profile:] - [Accounts] OnEnter (Fast Refresh; Warmup scheduled after cards build)
2026-02-21 19:30:25.562 +02:00 [SYSTEM] [C:System] [Ch:SYSTEM] [Src:Main] [Run:] [Sess:0] [Profile:] - [Binding] GetOrCreateGuid failed for emulator-5554: adb failed
2026-02-21 19:30:25.570 +02:00 [SYSTEM] [C:System] [Ch:SYSTEM] [Src:Main] [Run:] [Sess:0] [Profile:] - [AutoBind] Bound 'Account 1' | InstanceId=0 -> emulator-5554
2026-02-21 19:30:25.571 +02:00 [SYSTEM] [C:System] [Ch:SYSTEM] [Src:Main] [Run:] [Sess:0] [Profile:] - [AutoBind] Completed. BoundProfiles=1
2026-02-21 19:30:25.764 +02:00 [SYSTEM] [C:System] [Ch:SYSTEM] [Src:Main] [Run:] [Sess:0] [Profile:] - Logs page entered.
2026-02-21 19:30:27.056 +02:00 [SYSTEM] [C:System] [Ch:SYSTEM] [Src:Main] [Run:] [Sess:0] [Profile:] - [LDPlayerCli] dnconsole.exe list2 | ExitCode=0 | stdout_len=120 | stderr_len=0
2026-02-21 19:30:27.057 +02:00 [SYSTEM] [C:System] [Ch:SYSTEM] [Src:Main] [Run:] [Sess:0] [Profile:] - [Emu][LDPlayer] ScanInstances OK. Count=3
2026-02-21 19:30:27.066 +02:00 [INFO] [C:Ui] [Ch:UI] [Src:Main] [Run:] [Sess:0] [Profile:] - [Accounts] SelectedProfile set: ''
2026-02-21 19:30:37.730 +02:00 [SYSTEM] [C:System] [Ch:SYSTEM] [Src:Main] [Run:] [Sess:0] [Profile:] - Logs page exited.
2026-02-21 19:30:37.740 +02:00 [INFO] [C:Ui] [Ch:UI] [Src:Main] [Run:] [Sess:0] [Profile:] - [Accounts] Emulator impl = EmulatorLib.LDPlayer.LDPlayerEmulator
2026-02-21 19:30:38.286 +02:00 [INFO] [C:Ui] [Ch:UI] [Src:Main] [Run:] [Sess:0] [Profile:] - [Accounts] OnEnter (Fast Refresh; Warmup scheduled after cards build)
2026-02-21 19:30:38.924 +02:00 [SYSTEM] [C:System] [Ch:SYSTEM] [Src:Main] [Run:] [Sess:0] [Profile:] - [LDPlayerCli] dnconsole.exe list2 | ExitCode=0 | stdout_len=120 | stderr_len=0
2026-02-21 19:30:38.924 +02:00 [SYSTEM] [C:System] [Ch:SYSTEM] [Src:Main] [Run:] [Sess:0] [Profile:] - [Emu][LDPlayer] ScanInstances OK. Count=3
2026-02-21 19:30:38.927 +02:00 [INFO] [C:Ui] [Ch:UI] [Src:Main] [Run:] [Sess:0] [Profile:] - [Accounts] SelectedProfile set: ''
2026-02-21 19:30:39.756 +02:00 [INFO] [C:Ui] [Ch:UI] [Src:Main] [Run:] [Sess:0] [Profile:] - [Accounts] Open HealthCheck (Dialog) | ProfileId=b580c54716134f7c8ce5f27a2cc0edf4 | InstanceId=0 | AdbSerial=emulator-5554
2026-02-21 19:30:39.789 +02:00 [SYSTEM] [C:System] [Ch:SYSTEM] [Src:Main] [Run:] [Sess:0] [Profile:] - [HealthCheck] Run live (ProfileId='b580c54716134f7c8ce5f27a2cc0edf4', Force=True).
2026-02-21 19:30:41.021 +02:00 [SYSTEM] [C:System] [Ch:SYSTEM] [Src:Main] [Run:] [Sess:0] [Profile:] - [Emu] WaitForState timeout. Instance='Farm_1', InstanceId='0', target=Running, current=Unknown
2026-02-21 19:30:41.042 +02:00 [SYSTEM] [C:System] [Ch:SYSTEM] [Src:Main] [Run:] [Sess:0] [Profile:] - [Emu] Instance 'Farm_1' (InstanceId=0) is running.
2026-02-21 19:30:41.090 +02:00 [SYSTEM] [C:System] [Ch:SYSTEM] [Src:Main] [Run:] [Sess:0] [Profile:] - [Emu][Win] Bound InstanceId=0 => dnplayer PID=17932
2026-02-21 19:30:42.626 +02:00 [SYSTEM] [C:System] [Ch:SYSTEM] [Src:Main] [Run:] [Sess:0] [Profile:] - [Emu][Win] Applied dnplayer CLIENT rect STABLE ok=True PID=17932 InstanceId=0 Name='Farm_1' x=0 y=0 clientW=400 clientH=652 max=False min=False
2026-02-21 19:30:42.626 +02:00 [SYSTEM] [C:System] [Ch:SYSTEM] [Src:Main] [Run:] [Sess:0] [Profile:] - [Health][Bind] StartAsync -> Running in 92.3s (92277 ms) (InstanceId='0', TimeoutMs=45000).
2026-02-21 19:30:42.627 +02:00 [SYSTEM] [C:System] [Ch:SYSTEM] [Src:Main] [Run:] [Sess:0] [Profile:] - [Health][Bind] StopTimeoutMs(dynamic)=6000 (RemainingMs=0, TotalBudgetMs=45000).
2026-02-21 19:30:42.627 +02:00 [SYSTEM] [C:System] [Ch:SYSTEM] [Src:Main] [Run:] [Sess:0] [Profile:] - [Health][Bind] Boot delay: 10s (InstanceId='0').
2026-02-21 19:30:53.458 +02:00 [SYSTEM] [C:System] [Ch:SYSTEM] [Src:Main] [Run:] [Sess:0] [Profile:] - [LDPlayerCli] dnconsole.exe list2 | ExitCode=0 | stdout_len=120 | stderr_len=0
2026-02-21 19:30:53.487 +02:00 [SYSTEM] [C:System] [Ch:SYSTEM] [Src:Main] [Run:] [Sess:0] [Profile:] - [Emu][LDPlayer] ScanInstances OK. Count=3
2026-02-21 19:30:53.505 +02:00 [SYSTEM] [C:System] [Ch:SYSTEM] [Src:Main] [Run:] [Sess:0] [Profile:] - [Emu] Refresh completed. Cached instances=3
2026-02-21 19:30:53.708 +02:00 [SYSTEM] [C:System] [Ch:SYSTEM] [Src:Main] [Run:] [Sess:0] [Profile:] - [Health][Bind] adb connect attempted: 127.0.0.1:1443118
2026-02-21 19:30:53.832 +02:00 [SYSTEM] [C:System] [Ch:SYSTEM] [Src:Main] [Run:] [Sess:0] [Profile:] - [Health][Bind] Bound AdbSerial='emulator-5554' to ProfileId='b580c54716134f7c8ce5f27a2cc0edf4' (InstanceId='0').
2026-02-21 19:30:53.836 +02:00 [SYSTEM] [C:System] [Ch:SYSTEM] [Src:Main] [Run:] [Sess:0] [Profile:] - [Emu] Stop instance 'Farm_1' (InstanceId=0) wait=False timeout=2500ms
2026-02-21 19:30:54.304 +02:00 [SYSTEM] [C:System] [Ch:SYSTEM] [Src:Main] [Run:] [Sess:0] [Profile:] - [LDPlayerCli] dnconsole.exe quit --index 0 | ExitCode=0 | stdout_len=0 | stderr_len=0
2026-02-21 19:30:54.304 +02:00 [SYSTEM] [C:System] [Ch:SYSTEM] [Src:Main] [Run:] [Sess:0] [Profile:] - [Health][Bind] Stop FAST request sent in 0.5s (471 ms) (InstanceId='0', wait=false).
2026-02-21 19:30:54.304 +02:00 [SYSTEM] [C:System] [Ch:SYSTEM] [Src:Main] [Run:] [Sess:0] [Profile:] - [HealthCheck] AutoFix: BindAdbSerialFromInstance (Bind ADB Serial (InstanceId)) Changed=True.
2026-02-21 19:30:54.305 +02:00 [SYSTEM] [C:System] [Ch:SYSTEM] [Src:Main] [Run:] [Sess:0] [Profile:] - [HealthCheck] Run live (ProfileId='b580c54716134f7c8ce5f27a2cc0edf4', Force=True).
2026-02-21 19:30:54.307 +02:00 [SYSTEM] [C:System] [Ch:SYSTEM] [Src:Main] [Run:] [Sess:0] [Profile:] - [Emu] Stop instance 'Farm_1' (InstanceId=0) wait=True timeout=12000ms
2026-02-21 19:30:54.603 +02:00 [SYSTEM] [C:System] [Ch:SYSTEM] [Src:Main] [Run:] [Sess:0] [Profile:] - [LDPlayerCli] dnconsole.exe list2 | ExitCode=0 | stdout_len=102 | stderr_len=0
2026-02-21 19:30:54.603 +02:00 [SYSTEM] [C:System] [Ch:SYSTEM] [Src:Main] [Run:] [Sess:0] [Profile:] - [Emu][LDPlayer] ScanInstances OK. Count=3
2026-02-21 19:30:54.605 +02:00 [INFO] [C:Ui] [Ch:UI] [Src:Main] [Run:] [Sess:0] [Profile:] - [Accounts] SelectedProfile set: ''
2026-02-21 19:30:54.629 +02:00 [SYSTEM] [C:System] [Ch:SYSTEM] [Src:Main] [Run:] [Sess:0] [Profile:] - [LDPlayerCli] dnconsole.exe quit --index 0 | ExitCode=0 | stdout_len=0 | stderr_len=0
2026-02-21 19:30:56.267 +02:00 [SYSTEM] [C:System] [Ch:SYSTEM] [Src:Main] [Run:] [Sess:0] [Profile:] - [Emu] Instance 'Farm_1' (InstanceId=0) stopped (by dnplayer PID).
2026-02-21 19:30:56.268 +02:00 [SYSTEM] [C:System] [Ch:SYSTEM] [Src:Main] [Run:] [Sess:0] [Profile:] - [Health][Bind] Stop BACKGROUND confirmed in 2.0s (1961 ms) (InstanceId='0', timeoutMs=12000, StartElapsedMs=92277).
2026-02-21 19:30:57.007 +02:00 [SYSTEM] [C:System] [Ch:SYSTEM] [Src:Main] [Run:] [Sess:0] [Profile:] - [HealthCheck] FixAllAutoAsync finished. Attempted=1, Applied=1, BeforeAuto=1, AfterAuto=0, Manual=1, AfterStatus=Ok.
2026-02-21 19:30:57.008 +02:00 [SYSTEM] [C:System] [Ch:SYSTEM] [Src:Main] [Run:] [Sess:0] [Profile:] - [HealthCheck] Run live (ProfileId='b580c54716134f7c8ce5f27a2cc0edf4', Force=True).
2026-02-21 19:31:13.318 +02:00 [INFO] [C:Ui] [Ch:UI] [Src:Main] [Run:] [Sess:0] [Profile:] - [Accounts] Emulator impl = EmulatorLib.LDPlayer.LDPlayerEmulator
2026-02-21 19:31:13.401 +02:00 [SYSTEM] [C:System] [Ch:SYSTEM] [Src:Main] [Run:] [Sess:0] [Profile:] - [LDPlayerCli] dnconsole.exe list2 | ExitCode=0 | stdout_len=102 | stderr_len=0
2026-02-21 19:31:13.401 +02:00 [SYSTEM] [C:System] [Ch:SYSTEM] [Src:Main] [Run:] [Sess:0] [Profile:] - [Emu][LDPlayer] ScanInstances OK. Count=3
2026-02-21 19:31:13.401 +02:00 [INFO] [C:Ui] [Ch:UI] [Src:Main] [Run:] [Sess:0] [Profile:] - [Accounts] OnEnter (Fast Refresh; Warmup scheduled after cards build)
2026-02-21 19:31:13.416 +02:00 [INFO] [C:Ui] [Ch:UI] [Src:Main] [Run:] [Sess:0] [Profile:] - [Accounts] SelectedProfile set: ''
2026-02-21 19:31:16.499 +02:00 [INFO] [C:Ui] [Ch:UI] [Src:Main] [Run:] [Sess:0] [Profile:] - [Accounts] Open GameInstall Dialog | OpId=ae9630aa | ProfileId=b580c54716134f7c8ce5f27a2cc0edf4 | InstanceId=0 | AdbSerial=emulator-5554 | Name='Account 1'
2026-02-21 19:31:18.562 +02:00 [INFO] [C:Ui] [Ch:UI] [Src:Main] [Run:] [Sess:0] [Profile:] - [Accounts] Open HealthCheck (Dialog) | ProfileId=b580c54716134f7c8ce5f27a2cc0edf4 | InstanceId=0 | AdbSerial=emulator-5554
2026-02-21 19:31:18.566 +02:00 [SYSTEM] [C:System] [Ch:SYSTEM] [Src:Main] [Run:] [Sess:0] [Profile:] - [HealthCheck] Run live (ProfileId='b580c54716134f7c8ce5f27a2cc0edf4', Force=True).
2026-02-21 19:31:56.520 +02:00 [INFO] [C:Ui] [Ch:UI] [Src:Main] [Run:] [Sess:0] [Profile:] - [Accounts] Emulator impl = EmulatorLib.LDPlayer.LDPlayerEmulator
2026-02-21 19:31:56.596 +02:00 [SYSTEM] [C:System] [Ch:SYSTEM] [Src:Main] [Run:] [Sess:0] [Profile:] - [LDPlayerCli] dnconsole.exe list2 | ExitCode=0 | stdout_len=102 | stderr_len=0
2026-02-21 19:31:56.597 +02:00 [SYSTEM] [C:System] [Ch:SYSTEM] [Src:Main] [Run:] [Sess:0] [Profile:] - [Emu][LDPlayer] ScanInstances OK. Count=3
2026-02-21 19:31:56.597 +02:00 [INFO] [C:Ui] [Ch:UI] [Src:Main] [Run:] [Sess:0] [Profile:] - [Accounts] OnEnter (Fast Refresh; Warmup scheduled after cards build)
2026-02-21 19:31:56.617 +02:00 [INFO] [C:Ui] [Ch:UI] [Src:Main] [Run:] [Sess:0] [Profile:] - [Accounts] SelectedProfile set: ''
2026-02-21 19:31:59.661 +02:00 [INFO] [C:Ui] [Ch:UI] [Src:Main] [Run:] [Sess:0] [Profile:] - [Accounts] Active -> True | Name='Account 1' | ProfileId=b580c54716134f7c8ce5f27a2cc0edf4 | InstanceId=0 | AdbSerial=emulator-5554
2026-02-21 19:31:59.736 +02:00 [SYSTEM] [C:System] [Ch:SYSTEM] [Src:Main] [Run:] [Sess:0] [Profile:] - [LDPlayerCli] dnconsole.exe list2 | ExitCode=0 | stdout_len=102 | stderr_len=0
2026-02-21 19:31:59.737 +02:00 [SYSTEM] [C:System] [Ch:SYSTEM] [Src:Main] [Run:] [Sess:0] [Profile:] - [Emu][LDPlayer] ScanInstances OK. Count=3
2026-02-21 19:31:59.739 +02:00 [INFO] [C:Ui] [Ch:UI] [Src:Main] [Run:] [Sess:0] [Profile:] - [Accounts] SelectedProfile set: ''
2026-02-21 19:32:01.836 +02:00 [SYSTEM] [C:Runner] [Ch:SYSTEM] [Src:Runner] [Run:bd8b7d5e85e14048bba1a0d7470b3094] [Sess:1] [Profile:] - [Runner] State -> Running
2026-02-21 19:32:01.968 +02:00 [SYSTEM] [C:System] [Ch:SYSTEM] [Src:Main] [Run:] [Sess:0] [Profile:] - [LDPlayerCli] dnconsole.exe list2 | ExitCode=0 | stdout_len=102 | stderr_len=0
2026-02-21 19:32:02.014 +02:00 [SYSTEM] [C:System] [Ch:SYSTEM] [Src:Main] [Run:] [Sess:0] [Profile:] - [LDPlayerCli] dnconsole.exe list2 | ExitCode=0 | stdout_len=102 | stderr_len=0
2026-02-21 19:32:02.014 +02:00 [SYSTEM] [C:System] [Ch:SYSTEM] [Src:Main] [Run:] [Sess:0] [Profile:] - [Emu][LDPlayer] ScanInstances OK. Count=3
2026-02-21 19:32:02.017 +02:00 [SYSTEM] [C:System] [Ch:SYSTEM] [Src:Main] [Run:] [Sess:0] [Profile:] - [AutoStart] Selecting instance from enabled profiles: Farm_1 (InstanceId=0)
2026-02-21 19:32:02.017 +02:00 [SYSTEM] [C:System] [Ch:SYSTEM] [Src:Main] [Run:] [Sess:0] [Profile:] - [AutoStart] Starting LDPlayer instance 'Farm_1' (InstanceId=0)
2026-02-21 19:32:02.087 +02:00 [SYSTEM] [C:System] [Ch:SYSTEM] [Src:Main] [Run:] [Sess:0] [Profile:] - [LDPlayerCli] dnconsole.exe launch --index 0 | ExitCode=0 | stdout_len=0 | stderr_len=0
2026-02-21 19:33:06.921 +02:00 [SYSTEM] [C:System] [Ch:SYSTEM] [Src:Main] [Run:] [Sess:0] [Profile:] - Logs page entered.
2026-02-21 19:33:53.721 +02:00 [SYSTEM] [C:System] [Ch:SYSTEM] [Src:Main] [Run:] [Sess:0] [Profile:] - [AutoStart] ADB device detected successfully ✅
2026-02-21 19:33:53.817 +02:00 [SYSTEM] [C:System] [Ch:SYSTEM] [Src:Main] [Run:] [Sess:0] [Profile:] - [LDPlayerCli] dnconsole.exe list2 | ExitCode=0 | stdout_len=118 | stderr_len=0
2026-02-21 19:33:53.817 +02:00 [SYSTEM] [C:System] [Ch:SYSTEM] [Src:Main] [Run:] [Sess:0] [Profile:] - [Emu][LDPlayer] ScanInstances OK. Count=3
2026-02-21 19:33:53.818 +02:00 [SYSTEM] [C:System] [Ch:SYSTEM] [Src:Main] [Run:] [Sess:0] [Profile:] - [Emu] Refresh completed. Cached instances=3
2026-02-21 19:33:53.818 +02:00 [SYSTEM] [C:Runner] [Ch:SYSTEM] [Src:Runner] [Run:bd8b7d5e85e14048bba1a0d7470b3094] [Sess:1] [Profile:] - [Runner] Cycle started. Profiles=1 | AutoRestart=True
2026-02-21 19:33:53.822 +02:00 [SYSTEM] [C:Runner] [Ch:SYSTEM] [Src:Runner] [Run:bd8b7d5e85e14048bba1a0d7470b3094] [Sess:1] [Profile:b580c54716134f7c8ce5f27a2cc0edf4] - [Runner] Account: Account 1 | InstanceId=0 | AdbSerial=emulator-5554
2026-02-21 19:33:53.823 +02:00 [SYSTEM] [C:System] [Ch:SYSTEM] [Src:Main] [Run:] [Sess:0] [Profile:] - [Emu] Start instance 'Farm_1' (InstanceId=0) wait=False timeout=90000ms
2026-02-21 19:33:53.867 +02:00 [SYSTEM] [C:System] [Ch:SYSTEM] [Src:Main] [Run:] [Sess:0] [Profile:] - [LDPlayerCli] dnconsole.exe quit --index 0 | ExitCode=0 | stdout_len=0 | stderr_len=0
2026-02-21 19:33:53.930 +02:00 [SYSTEM] [C:System] [Ch:SYSTEM] [Src:Main] [Run:] [Sess:0] [Profile:] - [LDPlayerCli] dnconsole.exe modify --index 0 --resolution 400,652,120 | ExitCode=0 | stdout_len=0 | stderr_len=0
2026-02-21 19:33:53.930 +02:00 [SYSTEM] [C:System] [Ch:SYSTEM] [Src:Main] [Run:] [Sess:0] [Profile:] - [Emu][LD] Applied Android resolution pre-start InstanceId=0 Name='Farm_1' w=400 h=652 dpi=120
2026-02-21 19:33:53.993 +02:00 [SYSTEM] [C:System] [Ch:SYSTEM] [Src:Main] [Run:] [Sess:0] [Profile:] - [LDPlayerCli] dnconsole.exe launch --index 0 | ExitCode=0 | stdout_len=0 | stderr_len=0
2026-02-21 19:33:53.994 +02:00 [SYSTEM] [C:Adb] [Ch:SYSTEM] [Src:Adb] [Run:bd8b7d5e85e14048bba1a0d7470b3094] [Sess:1] [Profile:b580c54716134f7c8ce5f27a2cc0edf4] - [ADB] Waiting for device ready: emulator-5554
2026-02-21 19:34:32.037 +02:00 [SYSTEM] [C:Adb] [Ch:SYSTEM] [Src:Adb] [Run:bd8b7d5e85e14048bba1a0d7470b3094] [Sess:1] [Profile:b580c54716134f7c8ce5f27a2cc0edf4] - [ADB] Device ready ✅
2026-02-21 19:34:32.043 +02:00 [INFO] [C:Game] [Ch:GAME] [Src:Game] [Run:bd8b7d5e85e14048bba1a0d7470b3094] [Sess:1] [Profile:b580c54716134f7c8ce5f27a2cc0edf4] - [Game] Launching War and Order...
2026-02-21 19:34:34.073 +02:00 [INFO] [C:Game] [Ch:GAME] [Src:Game] [Run:bd8b7d5e85e14048bba1a0d7470b3094] [Sess:1] [Profile:b580c54716134f7c8ce5f27a2cc0edf4] - [Game] Started ✅
2026-02-21 19:34:34.073 +02:00 [SYSTEM] [C:Runner] [Ch:SYSTEM] [Src:Runner] [Run:bd8b7d5e85e14048bba1a0d7470b3094] [Sess:1] [Profile:b580c54716134f7c8ce5f27a2cc0edf4] - [Runner] Device + Game are running ✅
2026-02-21 19:34:34.074 +02:00 [SYSTEM] [C:Runner] [Ch:SYSTEM] [Src:Runner] [Run:2ace846c11c94b309d84c06dbf9d6bb1] [Sess:1] [Profile:] - [Runner] Auto-Restart: starting a new cycle. RunId=2ace846c11c94b309d84c06dbf9d6bb1
2026-02-21 19:34:34.921 +02:00 [SYSTEM] [C:System] [Ch:SYSTEM] [Src:Main] [Run:] [Sess:0] [Profile:] - [AutoStart] ADB already has ready devices.
2026-02-21 19:34:35.766 +02:00 [SYSTEM] [C:System] [Ch:SYSTEM] [Src:Main] [Run:] [Sess:0] [Profile:] - [LDPlayerCli] dnconsole.exe list2 | ExitCode=0 | stdout_len=120 | stderr_len=0
2026-02-21 19:34:35.767 +02:00 [SYSTEM] [C:System] [Ch:SYSTEM] [Src:Main] [Run:] [Sess:0] [Profile:] - [Emu][LDPlayer] ScanInstances OK. Count=3
2026-02-21 19:34:35.767 +02:00 [SYSTEM] [C:System] [Ch:SYSTEM] [Src:Main] [Run:] [Sess:0] [Profile:] - [Emu] Refresh completed. Cached instances=3
2026-02-21 19:34:35.767 +02:00 [SYSTEM] [C:Runner] [Ch:SYSTEM] [Src:Runner] [Run:2ace846c11c94b309d84c06dbf9d6bb1] [Sess:1] [Profile:] - [Runner] Cycle started. Profiles=1 | AutoRestart=True
2026-02-21 19:34:35.767 +02:00 [SYSTEM] [C:Runner] [Ch:SYSTEM] [Src:Runner] [Run:2ace846c11c94b309d84c06dbf9d6bb1] [Sess:1] [Profile:b580c54716134f7c8ce5f27a2cc0edf4] - [Runner] Account: Account 1 | InstanceId=0 | AdbSerial=emulator-5554
2026-02-21 19:34:35.767 +02:00 [SYSTEM] [C:System] [Ch:SYSTEM] [Src:Main] [Run:] [Sess:0] [Profile:] - [Emu] Start instance 'Farm_1' (InstanceId=0) wait=False timeout=90000ms
2026-02-21 19:34:36.459 +02:00 [SYSTEM] [C:System] [Ch:SYSTEM] [Src:Main] [Run:] [Sess:0] [Profile:] - [LDPlayerCli] dnconsole.exe quit --index 0 | ExitCode=0 | stdout_len=0 | stderr_len=0
2026-02-21 19:34:36.677 +02:00 [SYSTEM] [C:System] [Ch:SYSTEM] [Src:Main] [Run:] [Sess:0] [Profile:] - [LDPlayerCli] dnconsole.exe modify --index 0 --resolution 400,652,120 | ExitCode=0 | stdout_len=0 | stderr_len=0
2026-02-21 19:34:36.678 +02:00 [SYSTEM] [C:System] [Ch:SYSTEM] [Src:Main] [Run:] [Sess:0] [Profile:] - [Emu][LD] Applied Android resolution pre-start InstanceId=0 Name='Farm_1' w=400 h=652 dpi=120
2026-02-21 19:34:36.811 +02:00 [SYSTEM] [C:System] [Ch:SYSTEM] [Src:Main] [Run:] [Sess:0] [Profile:] - [LDPlayerCli] dnconsole.exe launch --index 0 | ExitCode=0 | stdout_len=0 | stderr_len=0
2026-02-21 19:34:36.812 +02:00 [SYSTEM] [C:Adb] [Ch:SYSTEM] [Src:Adb] [Run:2ace846c11c94b309d84c06dbf9d6bb1] [Sess:1] [Profile:b580c54716134f7c8ce5f27a2cc0edf4] - [ADB] Waiting for device ready: emulator-5554
2026-02-21 19:34:54.744 +02:00 [SYSTEM] [C:Adb] [Ch:SYSTEM] [Src:Adb] [Run:2ace846c11c94b309d84c06dbf9d6bb1] [Sess:1] [Profile:b580c54716134f7c8ce5f27a2cc0edf4] - [ADB] Device ready ✅
2026-02-21 19:34:54.761 +02:00 [INFO] [C:Game] [Ch:GAME] [Src:Game] [Run:2ace846c11c94b309d84c06dbf9d6bb1] [Sess:1] [Profile:b580c54716134f7c8ce5f27a2cc0edf4] - [Game] Launching War and Order...
2026-02-21 19:34:59.531 +02:00 [INFO] [C:Game] [Ch:GAME] [Src:Game] [Run:2ace846c11c94b309d84c06dbf9d6bb1] [Sess:1] [Profile:b580c54716134f7c8ce5f27a2cc0edf4] - [Game] Started ✅
2026-02-21 19:34:59.532 +02:00 [SYSTEM] [C:Runner] [Ch:SYSTEM] [Src:Runner] [Run:2ace846c11c94b309d84c06dbf9d6bb1] [Sess:1] [Profile:b580c54716134f7c8ce5f27a2cc0edf4] - [Runner] Device + Game are running ✅
2026-02-21 19:34:59.533 +02:00 [SYSTEM] [C:Runner] [Ch:SYSTEM] [Src:Runner] [Run:b073f6d9605c465bae5622931207594a] [Sess:1] [Profile:] - [Runner] Auto-Restart: starting a new cycle. RunId=b073f6d9605c465bae5622931207594a
2026-02-21 19:34:59.711 +02:00 [SYSTEM] [C:System] [Ch:SYSTEM] [Src:Main] [Run:] [Sess:0] [Profile:] - [AutoStart] ADB already has ready devices.
2026-02-21 19:35:00.346 +02:00 [SYSTEM] [C:System] [Ch:SYSTEM] [Src:Main] [Run:] [Sess:0] [Profile:] - [LDPlayerCli] dnconsole.exe list2 | ExitCode=0 | stdout_len=118 | stderr_len=0
2026-02-21 19:35:00.346 +02:00 [SYSTEM] [C:System] [Ch:SYSTEM] [Src:Main] [Run:] [Sess:0] [Profile:] - [Emu][LDPlayer] ScanInstances OK. Count=3
2026-02-21 19:35:00.346 +02:00 [SYSTEM] [C:System] [Ch:SYSTEM] [Src:Main] [Run:] [Sess:0] [Profile:] - [Emu] Refresh completed. Cached instances=3
2026-02-21 19:35:00.346 +02:00 [SYSTEM] [C:Runner] [Ch:SYSTEM] [Src:Runner] [Run:b073f6d9605c465bae5622931207594a] [Sess:1] [Profile:] - [Runner] Cycle started. Profiles=1 | AutoRestart=True
2026-02-21 19:35:00.346 +02:00 [SYSTEM] [C:Runner] [Ch:SYSTEM] [Src:Runner] [Run:b073f6d9605c465bae5622931207594a] [Sess:1] [Profile:b580c54716134f7c8ce5f27a2cc0edf4] - [Runner] Account: Account 1 | InstanceId=0 | AdbSerial=emulator-5554
2026-02-21 19:35:00.346 +02:00 [SYSTEM] [C:System] [Ch:SYSTEM] [Src:Main] [Run:] [Sess:0] [Profile:] - [Emu] Start instance 'Farm_1' (InstanceId=0) wait=False timeout=90000ms
2026-02-21 19:35:00.611 +02:00 [SYSTEM] [C:System] [Ch:SYSTEM] [Src:Main] [Run:] [Sess:0] [Profile:] - [LDPlayerCli] dnconsole.exe quit --index 0 | ExitCode=0 | stdout_len=0 | stderr_len=0
2026-02-21 19:35:00.907 +02:00 [SYSTEM] [C:System] [Ch:SYSTEM] [Src:Main] [Run:] [Sess:0] [Profile:] - [LDPlayerCli] dnconsole.exe modify --index 0 --resolution 400,652,120 | ExitCode=0 | stdout_len=0 | stderr_len=0
2026-02-21 19:35:00.907 +02:00 [SYSTEM] [C:System] [Ch:SYSTEM] [Src:Main] [Run:] [Sess:0] [Profile:] - [Emu][LD] Applied Android resolution pre-start InstanceId=0 Name='Farm_1' w=400 h=652 dpi=120
2026-02-21 19:35:01.265 +02:00 [SYSTEM] [C:System] [Ch:SYSTEM] [Src:Main] [Run:] [Sess:0] [Profile:] - [LDPlayerCli] dnconsole.exe launch --index 0 | ExitCode=0 | stdout_len=0 | stderr_len=0
2026-02-21 19:35:01.265 +02:00 [SYSTEM] [C:Adb] [Ch:SYSTEM] [Src:Adb] [Run:b073f6d9605c465bae5622931207594a] [Sess:1] [Profile:b580c54716134f7c8ce5f27a2cc0edf4] - [ADB] Waiting for device ready: emulator-5554
2026-02-21 19:35:01.458 +02:00 [SYSTEM] [C:Adb] [Ch:SYSTEM] [Src:Adb] [Run:b073f6d9605c465bae5622931207594a] [Sess:1] [Profile:b580c54716134f7c8ce5f27a2cc0edf4] - [ADB] Device ready ✅
2026-02-21 19:35:01.459 +02:00 [INFO] [C:Game] [Ch:GAME] [Src:Game] [Run:b073f6d9605c465bae5622931207594a] [Sess:1] [Profile:b580c54716134f7c8ce5f27a2cc0edf4] - [Game] Launching War and Order...
2026-02-21 19:35:05.997 +02:00 [INFO] [C:Game] [Ch:GAME] [Src:Game] [Run:b073f6d9605c465bae5622931207594a] [Sess:1] [Profile:b580c54716134f7c8ce5f27a2cc0edf4] - [Game] Started ✅
2026-02-21 19:35:05.998 +02:00 [SYSTEM] [C:Runner] [Ch:SYSTEM] [Src:Runner] [Run:b073f6d9605c465bae5622931207594a] [Sess:1] [Profile:b580c54716134f7c8ce5f27a2cc0edf4] - [Runner] Device + Game are running ✅
2026-02-21 19:35:06.004 +02:00 [SYSTEM] [C:Runner] [Ch:SYSTEM] [Src:Runner] [Run:3bf7e58d2dc147bc854bced53d631846] [Sess:1] [Profile:] - [Runner] Auto-Restart: starting a new cycle. RunId=3bf7e58d2dc147bc854bced53d631846
2026-02-21 19:35:06.207 +02:00 [SYSTEM] [C:System] [Ch:SYSTEM] [Src:Main] [Run:] [Sess:0] [Profile:] - [AutoStart] ADB already has ready devices.
2026-02-21 19:35:07.292 +02:00 [SYSTEM] [C:System] [Ch:SYSTEM] [Src:Main] [Run:] [Sess:0] [Profile:] - [LDPlayerCli] dnconsole.exe list2 | ExitCode=0 | stdout_len=102 | stderr_len=0
2026-02-21 19:35:07.292 +02:00 [SYSTEM] [C:System] [Ch:SYSTEM] [Src:Main] [Run:] [Sess:0] [Profile:] - [Emu][LDPlayer] ScanInstances OK. Count=3
2026-02-21 19:35:07.293 +02:00 [SYSTEM] [C:System] [Ch:SYSTEM] [Src:Main] [Run:] [Sess:0] [Profile:] - [Emu] Refresh completed. Cached instances=3
2026-02-21 19:35:07.293 +02:00 [SYSTEM] [C:Runner] [Ch:SYSTEM] [Src:Runner] [Run:3bf7e58d2dc147bc854bced53d631846] [Sess:1] [Profile:] - [Runner] Cycle started. Profiles=1 | AutoRestart=True
2026-02-21 19:35:07.293 +02:00 [SYSTEM] [C:Runner] [Ch:SYSTEM] [Src:Runner] [Run:3bf7e58d2dc147bc854bced53d631846] [Sess:1] [Profile:b580c54716134f7c8ce5f27a2cc0edf4] - [Runner] Account: Account 1 | InstanceId=0 | AdbSerial=emulator-5554
2026-02-21 19:35:07.293 +02:00 [SYSTEM] [C:System] [Ch:SYSTEM] [Src:Main] [Run:] [Sess:0] [Profile:] - [Emu] Start instance 'Farm_1' (InstanceId=0) wait=False timeout=90000ms
2026-02-21 19:35:07.468 +02:00 [SYSTEM] [C:System] [Ch:SYSTEM] [Src:Main] [Run:] [Sess:0] [Profile:] - [LDPlayerCli] dnconsole.exe quit --index 0 | ExitCode=0 | stdout_len=0 | stderr_len=0
2026-02-21 19:35:07.663 +02:00 [SYSTEM] [C:System] [Ch:SYSTEM] [Src:Main] [Run:] [Sess:0] [Profile:] - [LDPlayerCli] dnconsole.exe modify --index 0 --resolution 400,652,120 | ExitCode=0 | stdout_len=0 | stderr_len=0
2026-02-21 19:35:07.663 +02:00 [SYSTEM] [C:System] [Ch:SYSTEM] [Src:Main] [Run:] [Sess:0] [Profile:] - [Emu][LD] Applied Android resolution pre-start InstanceId=0 Name='Farm_1' w=400 h=652 dpi=120
2026-02-21 19:35:07.896 +02:00 [SYSTEM] [C:System] [Ch:SYSTEM] [Src:Main] [Run:] [Sess:0] [Profile:] - [LDPlayerCli] dnconsole.exe launch --index 0 | ExitCode=0 | stdout_len=0 | stderr_len=0
2026-02-21 19:35:07.896 +02:00 [SYSTEM] [C:Adb] [Ch:SYSTEM] [Src:Adb] [Run:3bf7e58d2dc147bc854bced53d631846] [Sess:1] [Profile:b580c54716134f7c8ce5f27a2cc0edf4] - [ADB] Waiting for device ready: emulator-5554
2026-02-21 19:35:08.087 +02:00 [SYSTEM] [C:Adb] [Ch:SYSTEM] [Src:Adb] [Run:3bf7e58d2dc147bc854bced53d631846] [Sess:1] [Profile:b580c54716134f7c8ce5f27a2cc0edf4] - [ADB] Device ready ✅
2026-02-21 19:35:08.088 +02:00 [INFO] [C:Game] [Ch:GAME] [Src:Game] [Run:3bf7e58d2dc147bc854bced53d631846] [Sess:1] [Profile:b580c54716134f7c8ce5f27a2cc0edf4] - [Game] Launching War and Order...
2026-02-21 19:35:18.572 +02:00 [SYSTEM] [C:Runner] [Ch:SYSTEM] [Src:Runner] [Run:3bf7e58d2dc147bc854bced53d631846] [Sess:1] [Profile:b580c54716134f7c8ce5f27a2cc0edf4] - [Diag] Shell failed: 'pm list packages com.camelgames.superking' => adb failed
2026-02-21 19:35:18.572 +02:00 [WARNING] [C:Game] [Ch:GAME] [Src:Game] [Run:3bf7e58d2dc147bc854bced53d631846] [Sess:1] [Profile:b580c54716134f7c8ce5f27a2cc0edf4] - [Game] Package not installed on this device.
2026-02-21 19:35:18.572 +02:00 [SYSTEM] [C:Runner] [Ch:SYSTEM] [Src:Runner] [Run:c84716684f2e459aa1f2bf150ae2879f] [Sess:1] [Profile:] - [Runner] Auto-Restart: starting a new cycle. RunId=c84716684f2e459aa1f2bf150ae2879f
2026-02-21 19:35:18.789 +02:00 [SYSTEM] [C:System] [Ch:SYSTEM] [Src:Main] [Run:] [Sess:0] [Profile:] - [LDPlayerCli] dnconsole.exe list2 | ExitCode=0 | stdout_len=119 | stderr_len=0
2026-02-21 19:35:18.882 +02:00 [SYSTEM] [C:System] [Ch:SYSTEM] [Src:Main] [Run:] [Sess:0] [Profile:] - [LDPlayerCli] dnconsole.exe list2 | ExitCode=0 | stdout_len=119 | stderr_len=0
2026-02-21 19:35:18.883 +02:00 [SYSTEM] [C:System] [Ch:SYSTEM] [Src:Main] [Run:] [Sess:0] [Profile:] - [Emu][LDPlayer] ScanInstances OK. Count=3
2026-02-21 19:35:18.884 +02:00 [SYSTEM] [C:System] [Ch:SYSTEM] [Src:Main] [Run:] [Sess:0] [Profile:] - [AutoStart] Selecting instance from enabled profiles: Farm_1 (InstanceId=0)
2026-02-21 19:35:18.884 +02:00 [SYSTEM] [C:System] [Ch:SYSTEM] [Src:Main] [Run:] [Sess:0] [Profile:] - [AutoStart] Starting LDPlayer instance 'Farm_1' (InstanceId=0)
2026-02-21 19:35:19.016 +02:00 [SYSTEM] [C:System] [Ch:SYSTEM] [Src:Main] [Run:] [Sess:0] [Profile:] - [LDPlayerCli] dnconsole.exe launch --index 0 | ExitCode=0 | stdout_len=0 | stderr_len=0
2026-02-21 19:36:09.503 +02:00 [SYSTEM] [C:Runner] [Ch:SYSTEM] [Src:Runner] [Run:c84716684f2e459aa1f2bf150ae2879f] [Sess:1] [Profile:] - [Runner] State -> Stopping
2026-02-21 19:36:09.507 +02:00 [SYSTEM] [C:Runner] [Ch:SYSTEM] [Src:Runner] [Run:c84716684f2e459aa1f2bf150ae2879f] [Sess:1] [Profile:] - [Runner] State -> Idle
2026-02-21 19:36:09.507 +02:00 [SYSTEM] [C:Runner] [Ch:SYSTEM] [Src:Runner] [Run:c84716684f2e459aa1f2bf150ae2879f] [Sess:1] [Profile:] - [Runner] State -> Idle
