2026-02-21 19:28:55.145 +02:00 [INFO] [C:Ui] [Ch:UI] [Src:Main] [Run:] [Sess:0] [Profile:] - [Accounts] Emulator impl = EmulatorLib.LDPlayer.LDPlayerEmulator
2026-02-21 19:28:55.352 +02:00 [INFO] [C:Ui] [Ch:UI] [Src:Main] [Run:] [Sess:0] [Profile:] - [Accounts] OnEnter (Fast Refresh; Warmup scheduled after cards build)
2026-02-21 19:28:59.766 +02:00 [INFO] [C:Ui] [Ch:UI] [Src:Main] [Run:] [Sess:0] [Profile:] - [Accounts] Emulator impl = EmulatorLib.LDPlayer.LDPlayerEmulator
2026-02-21 19:28:59.857 +02:00 [INFO] [C:Ui] [Ch:UI] [Src:Main] [Run:] [Sess:0] [Profile:] - [Accounts] OnEnter (Fast Refresh; Warmup scheduled after cards build)
2026-02-21 19:29:00.999 +02:00 [INFO] [C:Ui] [Ch:UI] [Src:Main] [Run:] [Sess:0] [Profile:] - [Accounts] AddAccount CLICKED
2026-02-21 19:29:03.909 +02:00 [INFO] [C:Ui] [Ch:UI] [Src:Main] [Run:] [Sess:0] [Profile:] - [Accounts] SelectedProfile set: ''
2026-02-21 19:29:05.840 +02:00 [INFO] [C:Ui] [Ch:UI] [Src:Main] [Run:] [Sess:0] [Profile:] - [Accounts] Open HealthCheck (Dialog) | ProfileId=b580c54716134f7c8ce5f27a2cc0edf4 | InstanceId=0 | AdbSerial=null
2026-02-21 19:30:22.724 +02:00 [INFO] [C:Ui] [Ch:UI] [Src:Main] [Run:] [Sess:0] [Profile:] - [Accounts] Emulator impl = EmulatorLib.LDPlayer.LDPlayerEmulator
2026-02-21 19:30:23.354 +02:00 [INFO] [C:Ui] [Ch:UI] [Src:Main] [Run:] [Sess:0] [Profile:] - [Accounts] OnEnter (Fast Refresh; Warmup scheduled after cards build)
2026-02-21 19:30:27.066 +02:00 [INFO] [C:Ui] [Ch:UI] [Src:Main] [Run:] [Sess:0] [Profile:] - [Accounts] SelectedProfile set: ''
2026-02-21 19:30:37.740 +02:00 [INFO] [C:Ui] [Ch:UI] [Src:Main] [Run:] [Sess:0] [Profile:] - [Accounts] Emulator impl = EmulatorLib.LDPlayer.LDPlayerEmulator
2026-02-21 19:30:38.286 +02:00 [INFO] [C:Ui] [Ch:UI] [Src:Main] [Run:] [Sess:0] [Profile:] - [Accounts] OnEnter (Fast Refresh; Warmup scheduled after cards build)
2026-02-21 19:30:38.927 +02:00 [INFO] [C:Ui] [Ch:UI] [Src:Main] [Run:] [Sess:0] [Profile:] - [Accounts] SelectedProfile set: ''
2026-02-21 19:30:39.756 +02:00 [INFO] [C:Ui] [Ch:UI] [Src:Main] [Run:] [Sess:0] [Profile:] - [Accounts] Open HealthCheck (Dialog) | ProfileId=b580c54716134f7c8ce5f27a2cc0edf4 | InstanceId=0 | AdbSerial=emulator-5554
2026-02-21 19:30:54.605 +02:00 [INFO] [C:Ui] [Ch:UI] [Src:Main] [Run:] [Sess:0] [Profile:] - [Accounts] SelectedProfile set: ''
2026-02-21 19:31:13.318 +02:00 [INFO] [C:Ui] [Ch:UI] [Src:Main] [Run:] [Sess:0] [Profile:] - [Accounts] Emulator impl = EmulatorLib.LDPlayer.LDPlayerEmulator
2026-02-21 19:31:13.401 +02:00 [INFO] [C:Ui] [Ch:UI] [Src:Main] [Run:] [Sess:0] [Profile:] - [Accounts] OnEnter (Fast Refresh; Warmup scheduled after cards build)
2026-02-21 19:31:13.416 +02:00 [INFO] [C:Ui] [Ch:UI] [Src:Main] [Run:] [Sess:0] [Profile:] - [Accounts] SelectedProfile set: ''
2026-02-21 19:31:16.499 +02:00 [INFO] [C:Ui] [Ch:UI] [Src:Main] [Run:] [Sess:0] [Profile:] - [Accounts] Open GameInstall Dialog | OpId=ae9630aa | ProfileId=b580c54716134f7c8ce5f27a2cc0edf4 | InstanceId=0 | AdbSerial=emulator-5554 | Name='Account 1'
2026-02-21 19:31:18.562 +02:00 [INFO] [C:Ui] [Ch:UI] [Src:Main] [Run:] [Sess:0] [Profile:] - [Accounts] Open HealthCheck (Dialog) | ProfileId=b580c54716134f7c8ce5f27a2cc0edf4 | InstanceId=0 | AdbSerial=emulator-5554
2026-02-21 19:31:56.520 +02:00 [INFO] [C:Ui] [Ch:UI] [Src:Main] [Run:] [Sess:0] [Profile:] - [Accounts] Emulator impl = EmulatorLib.LDPlayer.LDPlayerEmulator
2026-02-21 19:31:56.597 +02:00 [INFO] [C:Ui] [Ch:UI] [Src:Main] [Run:] [Sess:0] [Profile:] - [Accounts] OnEnter (Fast Refresh; Warmup scheduled after cards build)
2026-02-21 19:31:56.617 +02:00 [INFO] [C:Ui] [Ch:UI] [Src:Main] [Run:] [Sess:0] [Profile:] - [Accounts] SelectedProfile set: ''
2026-02-21 19:31:59.661 +02:00 [INFO] [C:Ui] [Ch:UI] [Src:Main] [Run:] [Sess:0] [Profile:] - [Accounts] Active -> True | Name='Account 1' | ProfileId=b580c54716134f7c8ce5f27a2cc0edf4 | InstanceId=0 | AdbSerial=emulator-5554
2026-02-21 19:31:59.739 +02:00 [INFO] [C:Ui] [Ch:UI] [Src:Main] [Run:] [Sess:0] [Profile:] - [Accounts] SelectedProfile set: ''
